<?xml version="1.0" encoding="UTF-8"?>
<testng-results skipped="0" failed="0" ignored="0" total="1" passed="1">
  <reporter-output>
  </reporter-output>
  <suite name="Default suite" duration-ms="48" started-at="2017-06-26T16:56:10Z" finished-at="2017-06-26T16:56:10Z">
    <groups>
    </groups>
    <test name="Default test" duration-ms="48" started-at="2017-06-26T16:56:10Z" finished-at="2017-06-26T16:56:10Z">
      <class name="m1.TestHello">
        <test-method status="PASS" signature="demo1()[pri:0, instance:m1.TestHello@be83e4]" name="demo1" duration-ms="21" started-at="2017-06-26T22:26:10Z" finished-at="2017-06-26T22:26:10Z">
          <reporter-output>
          </reporter-output>
        </test-method> <!-- demo1 -->
      </class> <!-- m1.TestHello -->
    </test> <!-- Default test -->
  </suite> <!-- Default suite -->
</testng-results>
